{"d8e047c6bccfd968cfe451b9d05fb096":{"statistic":{"failed":0,"broken":15,"skipped":1,"passed":16,"unknown":0,"total":32},"items":[{"uid":"88b79dc63e14b3b0","status":"passed","time":{"start":1740579451986,"stop":1740579460169,"duration":8183}},{"uid":"803b83f5a8982f32","status":"passed","time":{"start":1740579392731,"stop":1740579401044,"duration":8313}},{"uid":"5b091ae67c36460c","status":"broken","statusDetails":"invalid session id\nBuild info: version: '4.28.1', revision: '73f5ad48a2'\nSystem info: os.name: 'Windows 10', os.arch: 'amd64', os.version: '10.0', java.version: '21.0.6'\nDriver info: org.openqa.selenium.chrome.ChromeDriver\nCommand: [74d91305b87a86ccac6c180d559d90e7, findElements {value=//div[@class=\"productinfo text-center\"], using=xpath}]\nCapabilities {acceptInsecureCerts: true, browserName: chrome, browserVersion: 133.0.6943.128, chrome: {chromedriverVersion: 133.0.6943.141 (2a5d6da0d61..., userDataDir: C:\\Users\\Win10\\AppData\\Loca...}, fedcm:accounts: true, goog:chromeOptions: {debuggerAddress: localhost:62247}, networkConnectionEnabled: false, pageLoadStrategy: none, platformName: windows, proxy: Proxy(), se:cdp: ws://localhost:62247/devtoo..., se:cdpVersion: 133.0.6943.128, setWindowRect: true, strictFileInteractability: false, timeouts: {implicit: 0, pageLoad: 60000, script: 60000}, unhandledPromptBehavior: ignore, webSocketUrl: ws://localhost:4609/session..., webauthn:extension:credBlob: true, webauthn:extension:largeBlob: true, webauthn:extension:minPinLength: true, webauthn:extension:prf: true, webauthn:virtualAuthenticators: true}\nSession ID: 74d91305b87a86ccac6c180d559d90e7","time":{"start":1740578315751,"stop":1740578339691,"duration":23940}},{"uid":"293d73932beeaa2d","status":"passed","time":{"start":1740577576246,"stop":1740577583774,"duration":7528}},{"uid":"c7b158e5f0f94175","status":"broken","statusDetails":"Root cause: \"org.openqa.selenium.NoSuchElementException: Cannot locate an element using By.xpath: //button[@data-dismiss=\"model\"]\"","time":{"start":1740577371950,"stop":1740577437008,"duration":65058}},{"uid":"ac13daa817fc4869","status":"broken","statusDetails":"Root cause: \"org.openqa.selenium.InvalidSelectorException: invalid selector: Unable to locate an element with the xpath expression (//button[@data-dismiss=\"model\"] because of the following error:\"","time":{"start":1740577122021,"stop":1740577128073,"duration":6052}},{"uid":"931b4e87de814a72","status":"broken","statusDetails":"Root cause: \"org.openqa.selenium.NoSuchElementException: Cannot locate an element using By.xpath: //button[@data-dismiss=\"model\"]\"","time":{"start":1740576635352,"stop":1740576699824,"duration":64472}},{"uid":"e82a65706b70bf45","status":"broken","statusDetails":"Root cause: \"org.openqa.selenium.InvalidSelectorException: invalid selector: Unable to locate an element with the xpath expression //div[@class=\"productinfo text-center\"])[1]/a because of the following error:\"","time":{"start":1740576555490,"stop":1740576560442,"duration":4952}},{"uid":"57dc0e7297bb2d75","status":"broken","statusDetails":"invalid session id\nBuild info: version: '4.28.1', revision: '73f5ad48a2'\nSystem info: os.name: 'Windows 10', os.arch: 'amd64', os.version: '10.0', java.version: '21.0.6'\nDriver info: org.openqa.selenium.chrome.ChromeDriver\nCommand: [ee10c36f2c4d62eb6a2ef63c158f4ddc, findElement {value=(/div[@class=\"productinfo text-center\"]/h2)[1], using=xpath}]\nCapabilities {acceptInsecureCerts: true, browserName: chrome, browserVersion: 133.0.6943.128, chrome: {chromedriverVersion: 133.0.6943.141 (2a5d6da0d61..., userDataDir: C:\\Users\\Win10\\AppData\\Loca...}, fedcm:accounts: true, goog:chromeOptions: {debuggerAddress: localhost:57445}, networkConnectionEnabled: false, pageLoadStrategy: none, platformName: windows, proxy: Proxy(), se:cdp: ws://localhost:57445/devtoo..., se:cdpVersion: 133.0.6943.128, setWindowRect: true, strictFileInteractability: false, timeouts: {implicit: 0, pageLoad: 60000, script: 60000}, unhandledPromptBehavior: ignore, webSocketUrl: ws://localhost:40977/sessio..., webauthn:extension:credBlob: true, webauthn:extension:largeBlob: true, webauthn:extension:minPinLength: true, webauthn:extension:prf: true, webauthn:virtualAuthenticators: true}\nSession ID: ee10c36f2c4d62eb6a2ef63c158f4ddc","time":{"start":1740576508560,"stop":1740576521826,"duration":13266}},{"uid":"b60e57fcfd9df20a","status":"broken","statusDetails":"invalid selector: Unable to locate an element with the xpath expression //div[@class=\"productinfo text-center\"]/h2)[1] because of the following error:\nSyntaxError: Failed to execute 'evaluate' on 'Document': The string '//div[@class=\"productinfo text-center\"]/h2)[1]' is not a valid XPath expression.\n  (Session info: chrome=133.0.6943.128)\nFor documentation on this error, please visit: https://www.selenium.dev/documentation/webdriver/troubleshooting/errors#invalid-selector-exception\nBuild info: version: '4.28.1', revision: '73f5ad48a2'\nSystem info: os.name: 'Windows 10', os.arch: 'amd64', os.version: '10.0', java.version: '21.0.6'\nDriver info: org.openqa.selenium.chrome.ChromeDriver\nCommand: [79ba0868951b4972d52645c8205c28c8, findElement {value=//div[@class=\"productinfo text-center\"]/h2)[1], using=xpath}]\nCapabilities {acceptInsecureCerts: true, browserName: chrome, browserVersion: 133.0.6943.128, chrome: {chromedriverVersion: 133.0.6943.141 (2a5d6da0d61..., userDataDir: C:\\Users\\Win10\\AppData\\Loca...}, fedcm:accounts: true, goog:chromeOptions: {debuggerAddress: localhost:56746}, networkConnectionEnabled: false, pageLoadStrategy: none, platformName: windows, proxy: Proxy(), se:cdp: ws://localhost:56746/devtoo..., se:cdpVersion: 133.0.6943.128, setWindowRect: true, strictFileInteractability: false, timeouts: {implicit: 0, pageLoad: 60000, script: 60000}, unhandledPromptBehavior: ignore, webSocketUrl: ws://localhost:28293/sessio..., webauthn:extension:credBlob: true, webauthn:extension:largeBlob: true, webauthn:extension:minPinLength: true, webauthn:extension:prf: true, webauthn:virtualAuthenticators: true}\nSession ID: 79ba0868951b4972d52645c8205c28c8","time":{"start":1740576128167,"stop":1740576132454,"duration":4287}},{"uid":"628f8fd1c13d4d99","status":"broken","statusDetails":"invalid selector: Unable to locate an element with the xpath expression //div[@class=\"productinfo text-center\"]/h2)[1] because of the following error:\nSyntaxError: Failed to execute 'evaluate' on 'Document': The string '//div[@class=\"productinfo text-center\"]/h2)[1]' is not a valid XPath expression.\n  (Session info: chrome=133.0.6943.128)\nFor documentation on this error, please visit: https://www.selenium.dev/documentation/webdriver/troubleshooting/errors#invalid-selector-exception\nBuild info: version: '4.28.1', revision: '73f5ad48a2'\nSystem info: os.name: 'Windows 10', os.arch: 'amd64', os.version: '10.0', java.version: '21.0.6'\nDriver info: org.openqa.selenium.chrome.ChromeDriver\nCommand: [c91caf1d998d915029b61bc8f5607d41, findElement {using=xpath, value=//div[@class=\"productinfo text-center\"]/h2)[1]}]\nCapabilities {acceptInsecureCerts: true, browserName: chrome, browserVersion: 133.0.6943.128, chrome: {chromedriverVersion: 133.0.6943.141 (2a5d6da0d61..., userDataDir: C:\\Users\\Win10\\AppData\\Loca...}, fedcm:accounts: true, goog:chromeOptions: {debuggerAddress: localhost:56542}, networkConnectionEnabled: false, pageLoadStrategy: none, platformName: windows, proxy: Proxy(), se:cdp: ws://localhost:56542/devtoo..., se:cdpVersion: 133.0.6943.128, setWindowRect: true, strictFileInteractability: false, timeouts: {implicit: 0, pageLoad: 60000, script: 60000}, unhandledPromptBehavior: ignore, webSocketUrl: ws://localhost:16588/sessio..., webauthn:extension:credBlob: true, webauthn:extension:largeBlob: true, webauthn:extension:minPinLength: true, webauthn:extension:prf: true, webauthn:virtualAuthenticators: true}\nSession ID: c91caf1d998d915029b61bc8f5607d41","time":{"start":1740575959320,"stop":1740575963534,"duration":4214}},{"uid":"e0c74edda05790db","status":"broken","statusDetails":"invalid selector: Unable to locate an element with the xpath expression //div[@class=\"productinfo text-center\"]/h2)[01] because of the following error:\nSyntaxError: Failed to execute 'evaluate' on 'Document': The string '//div[@class=\"productinfo text-center\"]/h2)[01]' is not a valid XPath expression.\n  (Session info: chrome=133.0.6943.128)\nFor documentation on this error, please visit: https://www.selenium.dev/documentation/webdriver/troubleshooting/errors#invalid-selector-exception\nBuild info: version: '4.28.1', revision: '73f5ad48a2'\nSystem info: os.name: 'Windows 10', os.arch: 'amd64', os.version: '10.0', java.version: '21.0.6'\nDriver info: org.openqa.selenium.chrome.ChromeDriver\nCommand: [3da4ab0e90a5763e780107bd061e69ab, findElement {value=//div[@class=\"productinfo text-center\"]/h2)[01], using=xpath}]\nCapabilities {acceptInsecureCerts: true, browserName: chrome, browserVersion: 133.0.6943.128, chrome: {chromedriverVersion: 133.0.6943.141 (2a5d6da0d61..., userDataDir: C:\\Users\\Win10\\AppData\\Loca...}, fedcm:accounts: true, goog:chromeOptions: {debuggerAddress: localhost:54876}, networkConnectionEnabled: false, pageLoadStrategy: none, platformName: windows, proxy: Proxy(), se:cdp: ws://localhost:54876/devtoo..., se:cdpVersion: 133.0.6943.128, setWindowRect: true, strictFileInteractability: false, timeouts: {implicit: 0, pageLoad: 60000, script: 60000}, unhandledPromptBehavior: ignore, webSocketUrl: ws://localhost:48791/sessio..., webauthn:extension:credBlob: true, webauthn:extension:largeBlob: true, webauthn:extension:minPinLength: true, webauthn:extension:prf: true, webauthn:virtualAuthenticators: true}\nSession ID: 3da4ab0e90a5763e780107bd061e69ab","time":{"start":1740574269147,"stop":1740574272982,"duration":3835}},{"uid":"9859c86258168f99","status":"broken","statusDetails":"invalid selector: Unable to locate an element with the xpath expression //div[@class=\"productinfo text-center\"]/h2)[01] because of the following error:\nSyntaxError: Failed to execute 'evaluate' on 'Document': The string '//div[@class=\"productinfo text-center\"]/h2)[01]' is not a valid XPath expression.\n  (Session info: chrome=133.0.6943.128)\nFor documentation on this error, please visit: https://www.selenium.dev/documentation/webdriver/troubleshooting/errors#invalid-selector-exception\nBuild info: version: '4.28.1', revision: '73f5ad48a2'\nSystem info: os.name: 'Windows 10', os.arch: 'amd64', os.version: '10.0', java.version: '21.0.6'\nDriver info: org.openqa.selenium.chrome.ChromeDriver\nCommand: [7ccf7a78bc71435ece3938a17a3873d8, findElement {using=xpath, value=//div[@class=\"productinfo text-center\"]/h2)[01]}]\nCapabilities {acceptInsecureCerts: true, browserName: chrome, browserVersion: 133.0.6943.128, chrome: {chromedriverVersion: 133.0.6943.141 (2a5d6da0d61..., userDataDir: C:\\Users\\Win10\\AppData\\Loca...}, fedcm:accounts: true, goog:chromeOptions: {debuggerAddress: localhost:54690}, networkConnectionEnabled: false, pageLoadStrategy: none, platformName: windows, proxy: Proxy(), se:cdp: ws://localhost:54690/devtoo..., se:cdpVersion: 133.0.6943.128, setWindowRect: true, strictFileInteractability: false, timeouts: {implicit: 0, pageLoad: 60000, script: 60000}, unhandledPromptBehavior: ignore, webSocketUrl: ws://localhost:13070/sessio..., webauthn:extension:credBlob: true, webauthn:extension:largeBlob: true, webauthn:extension:minPinLength: true, webauthn:extension:prf: true, webauthn:virtualAuthenticators: true}\nSession ID: 7ccf7a78bc71435ece3938a17a3873d8","time":{"start":1740574094942,"stop":1740574098660,"duration":3718}},{"uid":"101e05a026078c36","status":"passed","time":{"start":1740233446265,"stop":1740233450657,"duration":4392}},{"uid":"f718b50724428ebe","status":"passed","time":{"start":1740230580642,"stop":1740230584964,"duration":4322}},{"uid":"8304b5cce83f66ed","status":"passed","time":{"start":1740230379014,"stop":1740230383534,"duration":4520}},{"uid":"eb56c296ae9e88c3","status":"broken","statusDetails":"Root cause: \"org.openqa.selenium.InvalidSelectorException: invalid selector: Unable to locate an element with the xpath expression href=\"/category_products/3\"][contains(.,'Tshirts ')] because of the following error:\"","time":{"start":1740230020455,"stop":1740230024423,"duration":3968}},{"uid":"7316a0c2a40ce2cb","status":"broken","statusDetails":"Root cause: \"org.openqa.selenium.InvalidSelectorException: invalid selector: Unable to locate an element with the xpath expression href=\"/category_products/3\" and contains(.,'Tshirts ')] because of the following error:\"","time":{"start":1740229916788,"stop":1740229920423,"duration":3635}},{"uid":"e58a7bd6da7eea11","status":"broken","statusDetails":"Root cause: \"org.openqa.selenium.InvalidSelectorException: invalid selector: Unable to locate an element with the xpath expression href=\"/category_products/3\" and contains(.,'Tshirts ')] because of the following error:\"","time":{"start":1740229696065,"stop":1740229699864,"duration":3799}},{"uid":"bfbc495ff88b67ba","status":"passed","time":{"start":1740229538639,"stop":1740229542066,"duration":3427}}]},"c64599cb0c57d15922fcc6e1ab9ea804":{"statistic":{"failed":1,"broken":0,"skipped":0,"passed":0,"unknown":0,"total":1},"items":[{"uid":"bef934f3e7cdc515","status":"failed","statusDetails":"Couldn't find the desired file. [src/test/resources/testDataFiles/testData.xlsx.xlsx]. Root cause: \"java.io.FileNotFoundException: src\\test\\resources\\testDataFiles\\testData.xlsx.xlsx (The system cannot find the file specified)\"","time":{"start":1740225044376,"stop":1740225044376,"duration":0}}]}}